<?xml version="1.0" encoding="UTF-8"?>
<!-- Generated by org.testng.reporters.JUnitReportReporter -->
<testsuite hostname="lenovo-PC" name="com.trinity.scripts.JobOrderWithRateandClient" tests="1" failures="0" timestamp="27 Nov 2015 12:56:35 GMT" time="172.052" errors="0">
  <testcase name="testJobOrderWithRateandClient" time="172.052" classname="com.trinity.scripts.JobOrderWithRateandClient"/>
</testsuite> <!-- com.trinity.scripts.JobOrderWithRateandClient -->
