<?xml version="1.0" encoding="UTF-8"?>
<!-- Generated by org.testng.reporters.JUnitReportReporter -->
<testsuite hostname="lenovo-PC" name="com.trinity.scripts.Printinvoice" tests="1" failures="0" timestamp="27 Nov 2015 13:30:21 GMT" time="104.894" errors="0">
  <testcase name="testPrintinvoice" time="104.894" classname="com.trinity.scripts.Printinvoice"/>
</testsuite> <!-- com.trinity.scripts.Printinvoice -->
