<?xml version="1.0" encoding="UTF-8"?>
<!-- Generated by org.testng.reporters.JUnitReportReporter -->
<testsuite hostname="lenovo-PC" name="com.trinity.scripts.StaffUploadPhoto" tests="1" failures="0" timestamp="28 Nov 2015 13:21:10 GMT" time="106.142" errors="0">
  <testcase name="testStaffUploadPhoto" time="106.142" classname="com.trinity.scripts.StaffUploadPhoto"/>
</testsuite> <!-- com.trinity.scripts.StaffUploadPhoto -->
