<?xml version="1.0" encoding="UTF-8"?>
<!-- Generated by org.testng.reporters.JUnitReportReporter -->
<testsuite hostname="DESKTOP-57DEPUV" name="com.Balansekonomix.scripts.Collage_Registration_Validation" tests="1" failures="0" timestamp="4 Jul 2018 19:47:21 GMT" time="51.901" errors="0">
  <testcase name="testFlowTest" time="51.901" classname="com.Balansekonomix.scripts.Collage_Registration_Validation"/>
</testsuite> <!-- com.Balansekonomix.scripts.Collage_Registration_Validation -->
