<?xml version="1.0" encoding="UTF-8"?>
<!-- Generated by org.testng.reporters.JUnitReportReporter -->
<testsuite hostname="lenovo-PC" name="com.trinity.scripts.ReportsConflictInterestExportlistCSV" tests="1" failures="0" timestamp="27 Nov 2015 11:20:24 GMT" time="218.141" errors="0">
  <testcase name="testReportsConflictInterestExportlistCSV" time="218.141" classname="com.trinity.scripts.ReportsConflictInterestExportlistCSV"/>
</testsuite> <!-- com.trinity.scripts.ReportsConflictInterestExportlistCSV -->
