<?xml version="1.0" encoding="UTF-8"?>
<!-- Generated by org.testng.reporters.JUnitReportReporter -->
<testsuite hostname="DESKTOP-DFQL3H5" name="com.Balansekonomix.scripts.StatementofNetSalesRealisation" tests="1" failures="0" timestamp="30 Jan 2019 04:58:01 GMT" time="141.520" errors="0">
  <testcase name="NormalValue" time="141.520" classname="com.Balansekonomix.scripts.StatementofNetSalesRealisation"/>
</testsuite> <!-- com.Balansekonomix.scripts.StatementofNetSalesRealisation -->
