<?xml version="1.0" encoding="UTF-8"?>
<!-- Generated by org.testng.reporters.JUnitReportReporter -->
<testsuite hostname="DESKTOP-DFQL3H5" name="com.Balansekonomix.scripts.CausalLink" tests="1" failures="0" timestamp="24 Jan 2019 07:19:36 GMT" time="153.384" errors="0">
  <testcase name="NormalValue" time="153.384" classname="com.Balansekonomix.scripts.CausalLink"/>
</testsuite> <!-- com.Balansekonomix.scripts.CausalLink -->
