<?xml version="1.0" encoding="UTF-8"?>
<!-- Generated by org.testng.reporters.JUnitReportReporter -->
<testsuite hostname="lenovo-PC" name="com.trinity.scripts.ViewinvoiceviaJob" tests="1" failures="0" timestamp="27 Nov 2015 12:05:49 GMT" time="232.789" errors="0">
  <testcase name="testViewinvoiceviaJob" time="232.789" classname="com.trinity.scripts.ViewinvoiceviaJob"/>
</testsuite> <!-- com.trinity.scripts.ViewinvoiceviaJob -->
