<?xml version="1.0" encoding="UTF-8"?>
<!-- Generated by org.testng.reporters.JUnitReportReporter -->
<testsuite hostname="DESKTOP-57DEPUV" name="com.Balansekonomix.scripts.Collage_RegistrationGov" tests="1" failures="0" timestamp="6 Jul 2018 00:12:16 GMT" time="41.475" errors="0">
  <testcase name="testFlowTest" time="41.475" classname="com.Balansekonomix.scripts.Collage_RegistrationGov"/>
</testsuite> <!-- com.Balansekonomix.scripts.Collage_RegistrationGov -->
