<?xml version="1.0" encoding="UTF-8"?>
<!-- Generated by org.testng.reporters.JUnitReportReporter -->
<testsuite hostname="lenovo-PC" name="com.trinity.scripts.InviteUser" tests="1" failures="0" timestamp="26 Nov 2015 12:54:42 GMT" time="178.823" errors="0">
  <testcase name="testInviteUser" time="178.823" classname="com.trinity.scripts.InviteUser"/>
</testsuite> <!-- com.trinity.scripts.InviteUser -->
