<?xml version="1.0" encoding="UTF-8"?>
<!-- Generated by org.testng.reporters.JUnitReportReporter -->
<testsuite hostname="DESKTOP-DFQL3H5" name="com.Balansekonomix.scripts.GIODP" tests="1" failures="0" timestamp="31 Jan 2019 12:25:14 GMT" time="153.461" errors="0">
  <testcase name="PUC" time="153.461" classname="com.Balansekonomix.scripts.GIODP"/>
</testsuite> <!-- com.Balansekonomix.scripts.GIODP -->
