<?xml version="1.0" encoding="UTF-8"?>
<!-- Generated by org.testng.reporters.JUnitReportReporter -->
<testsuite hostname="DESKTOP-DFQL3H5" name="com.Balansekonomix.scripts.NormalValue" tests="1" failures="0" timestamp="31 Jan 2019 12:30:27 GMT" time="196.776" errors="0">
  <testcase name="NormalValue" time="196.776" classname="com.Balansekonomix.scripts.NormalValue"/>
</testsuite> <!-- com.Balansekonomix.scripts.NormalValue -->
