<?xml version="1.0" encoding="UTF-8"?>
<!-- Generated by org.testng.reporters.JUnitReportReporter -->
<testsuite hostname="DESKTOP-DFQL3H5" name="com.Balansekonomix.scripts.Registration_2" tests="1" failures="0" timestamp="28 Jan 2019 12:44:59 GMT" time="80.920" errors="0">
  <testcase name="testFlowTest" time="80.920" classname="com.Balansekonomix.scripts.Registration_2"/>
</testsuite> <!-- com.Balansekonomix.scripts.Registration_2 -->
