<?xml version="1.0" encoding="UTF-8"?>
<!-- Generated by org.testng.reporters.JUnitReportReporter -->
<testsuite hostname="DESKTOP-DFQL3H5" name="com.Balansekonomix.scripts.CountryWise" tests="1" failures="0" timestamp="31 Jan 2019 12:57:32 GMT" time="339.203" errors="0">
  <testcase name="NormalValue" time="339.203" classname="com.Balansekonomix.scripts.CountryWise"/>
</testsuite> <!-- com.Balansekonomix.scripts.CountryWise -->
