<?xml version="1.0" encoding="UTF-8"?>
<!-- Generated by org.testng.reporters.JUnitReportReporter -->
<testsuite hostname="lenovo-PC" name="com.trinity.scripts.CreateEventViaEditJobOrder" tests="1" failures="0" timestamp="27 Nov 2015 13:34:51 GMT" time="222.881" errors="0">
  <testcase name="testCreateEventViaEditJobOrder" time="222.881" classname="com.trinity.scripts.CreateEventViaEditJobOrder"/>
</testsuite> <!-- com.trinity.scripts.CreateEventViaEditJobOrder -->
