<?xml version="1.0" encoding="UTF-8"?>
<!-- Generated by org.testng.reporters.JUnitReportReporter -->
<testsuite hostname="DESKTOP-DFQL3H5" name="com.Balansekonomix.scripts.PUC" tests="1" failures="0" timestamp="20 Feb 2019 11:38:51 GMT" time="120.152" errors="0">
  <testcase name="PUC" time="120.152" classname="com.Balansekonomix.scripts.PUC"/>
</testsuite> <!-- com.Balansekonomix.scripts.PUC -->
