<?xml version="1.0" encoding="UTF-8"?>
<!-- Generated by org.testng.reporters.JUnitReportReporter -->
<testsuite hostname="user-PC" name="com.balansekonomix.scripts.RegisterAnEvent" tests="1" failures="1" timestamp="9 Dec 2016 12:12:37 GMT" time="0.005" errors="0">
  <testcase name="testRegisterAnEvent" time="0.005" classname="com.balansekonomix.scripts.RegisterAnEvent">
    <failure type="org.openqa.selenium.WebDriverException" message="Failed to connect to binary FirefoxBinary(C:\Program Files\Mozilla Firefox\firefox.exe) on port 7055; process output follows: 
o changes found
1481285513841	addons.xpi	DEBUG	Registering manifest for C:\Program Files\Mozilla Firefox\browser\features\e10srollout@mozilla.org.xpi
1481285513841	addons.xpi	DEBUG	Loading bootstrap scope from C:\Program Files\Mozilla Firefox\browser\features\e10srollout@mozilla.org.xpi
1481285513864	addons.xpi	DEBUG	Calling bootstrap method startup on e10srollout@mozilla.org version 1.0
1481285513865	addons.xpi	DEBUG	Registering manifest for C:\Program Files\Mozilla Firefox\browser\features\firefox@getpocket.com.xpi
1481285513866	addons.xpi	DEBUG	Loading bootstrap scope from C:\Program Files\Mozilla Firefox\browser\features\firefox@getpocket.com.xpi
1481285513873	addons.xpi	DEBUG	Calling bootstrap method startup on firefox@getpocket.com version 1.0
1481285513887	addons.xpi-utils	DEBUG	Starting async load of XPI database C:\Users\user\AppData\Local\Temp\anonymous3477461140634906185webdriver-profile\extensions.json
1481285513889	addons.xpi	DEBUG	Registering manifest for C:\Program Files\Mozilla Firefox\browser\features\loop@mozilla.org.xpi
1481285513890	addons.xpi	DEBUG	Loading bootstrap scope from C:\Program Files\Mozilla Firefox\browser\features\loop@mozilla.org.xpi
1481285513899	addons.xpi	DEBUG	Calling bootstrap method startup on loop@mozilla.org version 1.2.6
1481285513938	addons.manager	DEBUG	Registering shutdown blocker for XPIProvider
1481285513938	addons.manager	DEBUG	Provider finished startup: XPIProvider
1481285513939	addons.manager	DEBUG	Starting provider: LightweightThemeManager
1481285513939	addons.manager	DEBUG	Registering shutdown blocker for LightweightThemeManager
1481285513939	addons.manager	DEBUG	Provider finished startup: LightweightThemeManager
1481285513940	addons.manager	DEBUG	Starting provider: GMPProvider
1481285513950	addons.manager	DEBUG	Registering shutdown blocker for GMPProvider
1481285513951	addons.manager	DEBUG	Provider finished startup: GMPProvider
1481285513951	addons.manager	DEBUG	Starting provider: PluginProvider
1481285513951	addons.manager	DEBUG	Registering shutdown blocker for PluginProvider
1481285513951	addons.manager	DEBUG	Provider finished startup: PluginProvider
1481285513952	addons.manager	DEBUG	Completed startup sequence
1481285514472	addons.xpi-utils	DEBUG	Async JSON file read took 0 MS
1481285514472	addons.xpi-utils	DEBUG	Finished async read of XPI database, parsing...
1481285514475	addons.xpi-utils	DEBUG	Successfully read XPI database
1481285514494	addons.manager	DEBUG	Starting provider: &lt;unnamed-provider&gt;
1481285514494	addons.manager	DEBUG	Registering shutdown blocker for &lt;unnamed-provider&gt;
1481285514494	addons.manager	DEBUG	Provider finished startup: &lt;unnamed-provider&gt;
*** Blocklist::_loadBlocklistFromFile: blocklist is disabled
1481285514689	addons.manager	DEBUG	Starting provider: PreviousExperimentProvider
1481285514689	addons.manager	DEBUG	Registering shutdown blocker for PreviousExperimentProvider
1481285514689	addons.manager	DEBUG	Provider finished startup: PreviousExperimentProvider
1481285519502	addons.xpi	DEBUG	Calling bootstrap method shutdown on e10srollout@mozilla.org version 1.0
1481285519503	addons.xpi	DEBUG	Calling bootstrap method shutdown on firefox@getpocket.com version 1.0
1481285519503	addons.xpi	DEBUG	Calling bootstrap method shutdown on loop@mozilla.org version 1.2.6
1481285519824	addons.manager	DEBUG	shutdown
1481285519824	addons.manager	DEBUG	Calling shutdown blocker for XPIProvider
1481285519824	addons.xpi	DEBUG	shutdown
1481285519825	addons.xpi-utils	DEBUG	shutdown
1481285519826	addons.manager	DEBUG	Calling shutdown blocker for LightweightThemeManager
1481285519827	addons.manager	DEBUG	Calling shutdown blocker for GMPProvider
1481285519830	addons.manager	DEBUG	Calling shutdown blocker for PluginProvider
1481285519830	addons.manager	DEBUG	Calling shutdown blocker for &lt;unnamed-provider&gt;
1481285519833	addons.manager	DEBUG	Calling shutdown blocker for PreviousExperimentProvider
1481285519838	addons.xpi	DEBUG	Notifying XPI shutdown observers
1481285519847	addons.manager	DEBUG	Async provider shutdown done

Build info: version: &#039;2.41.0&#039;, revision: &#039;3192d8a&#039;, time: &#039;2014-03-27 17:17:32&#039;
System info: host: &#039;user-PC&#039;, ip: &#039;192.168.5.100&#039;, os.name: &#039;Windows 7&#039;, os.arch: &#039;x86&#039;, os.version: &#039;6.1&#039;, java.version: &#039;1.8.0_101&#039;
Driver info: driver.version: FirefoxDriver">
      <![CDATA[org.openqa.selenium.WebDriverException: Failed to connect to binary FirefoxBinary(C:\Program Files\Mozilla Firefox\firefox.exe) on port 7055; process output follows: 
o changes found
1481285513841	addons.xpi	DEBUG	Registering manifest for C:\Program Files\Mozilla Firefox\browser\features\e10srollout@mozilla.org.xpi
1481285513841	addons.xpi	DEBUG	Loading bootstrap scope from C:\Program Files\Mozilla Firefox\browser\features\e10srollout@mozilla.org.xpi
1481285513864	addons.xpi	DEBUG	Calling bootstrap method startup on e10srollout@mozilla.org version 1.0
1481285513865	addons.xpi	DEBUG	Registering manifest for C:\Program Files\Mozilla Firefox\browser\features\firefox@getpocket.com.xpi
1481285513866	addons.xpi	DEBUG	Loading bootstrap scope from C:\Program Files\Mozilla Firefox\browser\features\firefox@getpocket.com.xpi
1481285513873	addons.xpi	DEBUG	Calling bootstrap method startup on firefox@getpocket.com version 1.0
1481285513887	addons.xpi-utils	DEBUG	Starting async load of XPI database C:\Users\user\AppData\Local\Temp\anonymous3477461140634906185webdriver-profile\extensions.json
1481285513889	addons.xpi	DEBUG	Registering manifest for C:\Program Files\Mozilla Firefox\browser\features\loop@mozilla.org.xpi
1481285513890	addons.xpi	DEBUG	Loading bootstrap scope from C:\Program Files\Mozilla Firefox\browser\features\loop@mozilla.org.xpi
1481285513899	addons.xpi	DEBUG	Calling bootstrap method startup on loop@mozilla.org version 1.2.6
1481285513938	addons.manager	DEBUG	Registering shutdown blocker for XPIProvider
1481285513938	addons.manager	DEBUG	Provider finished startup: XPIProvider
1481285513939	addons.manager	DEBUG	Starting provider: LightweightThemeManager
1481285513939	addons.manager	DEBUG	Registering shutdown blocker for LightweightThemeManager
1481285513939	addons.manager	DEBUG	Provider finished startup: LightweightThemeManager
1481285513940	addons.manager	DEBUG	Starting provider: GMPProvider
1481285513950	addons.manager	DEBUG	Registering shutdown blocker for GMPProvider
1481285513951	addons.manager	DEBUG	Provider finished startup: GMPProvider
1481285513951	addons.manager	DEBUG	Starting provider: PluginProvider
1481285513951	addons.manager	DEBUG	Registering shutdown blocker for PluginProvider
1481285513951	addons.manager	DEBUG	Provider finished startup: PluginProvider
1481285513952	addons.manager	DEBUG	Completed startup sequence
1481285514472	addons.xpi-utils	DEBUG	Async JSON file read took 0 MS
1481285514472	addons.xpi-utils	DEBUG	Finished async read of XPI database, parsing...
1481285514475	addons.xpi-utils	DEBUG	Successfully read XPI database
1481285514494	addons.manager	DEBUG	Starting provider: <unnamed-provider>
1481285514494	addons.manager	DEBUG	Registering shutdown blocker for <unnamed-provider>
1481285514494	addons.manager	DEBUG	Provider finished startup: <unnamed-provider>
*** Blocklist::_loadBlocklistFromFile: blocklist is disabled
1481285514689	addons.manager	DEBUG	Starting provider: PreviousExperimentProvider
1481285514689	addons.manager	DEBUG	Registering shutdown blocker for PreviousExperimentProvider
1481285514689	addons.manager	DEBUG	Provider finished startup: PreviousExperimentProvider
1481285519502	addons.xpi	DEBUG	Calling bootstrap method shutdown on e10srollout@mozilla.org version 1.0
1481285519503	addons.xpi	DEBUG	Calling bootstrap method shutdown on firefox@getpocket.com version 1.0
1481285519503	addons.xpi	DEBUG	Calling bootstrap method shutdown on loop@mozilla.org version 1.2.6
1481285519824	addons.manager	DEBUG	shutdown
1481285519824	addons.manager	DEBUG	Calling shutdown blocker for XPIProvider
1481285519824	addons.xpi	DEBUG	shutdown
1481285519825	addons.xpi-utils	DEBUG	shutdown
1481285519826	addons.manager	DEBUG	Calling shutdown blocker for LightweightThemeManager
1481285519827	addons.manager	DEBUG	Calling shutdown blocker for GMPProvider
1481285519830	addons.manager	DEBUG	Calling shutdown blocker for PluginProvider
1481285519830	addons.manager	DEBUG	Calling shutdown blocker for <unnamed-provider>
1481285519833	addons.manager	DEBUG	Calling shutdown blocker for PreviousExperimentProvider
1481285519838	addons.xpi	DEBUG	Notifying XPI shutdown observers
1481285519847	addons.manager	DEBUG	Async provider shutdown done

Build info: version: '2.41.0', revision: '3192d8a', time: '2014-03-27 17:17:32'
System info: host: 'user-PC', ip: '192.168.5.100', os.name: 'Windows 7', os.arch: 'x86', os.version: '6.1', java.version: '1.8.0_101'
Driver info: driver.version: FirefoxDriver
	at org.openqa.selenium.firefox.internal.NewProfileExtensionConnection.start(NewProfileExtensionConnection.java:130)
	at org.openqa.selenium.firefox.FirefoxDriver.startClient(FirefoxDriver.java:246)
	at org.openqa.selenium.remote.RemoteWebDriver.<init>(RemoteWebDriver.java:114)
	at org.openqa.selenium.firefox.FirefoxDriver.<init>(FirefoxDriver.java:193)
	at org.openqa.selenium.firefox.FirefoxDriver.<init>(FirefoxDriver.java:186)
	at org.openqa.selenium.firefox.FirefoxDriver.<init>(FirefoxDriver.java:182)
	at org.openqa.selenium.firefox.FirefoxDriver.<init>(FirefoxDriver.java:95)
	at com.balansekonomix.util.DriverTestCase.setUp(DriverTestCase.java:103)
	at sun.reflect.NativeMethodAccessorImpl.invoke0(Native Method)
	at sun.reflect.NativeMethodAccessorImpl.invoke(Unknown Source)
	at sun.reflect.DelegatingMethodAccessorImpl.invoke(Unknown Source)
	at java.lang.reflect.Method.invoke(Unknown Source)
	at org.testng.internal.MethodInvocationHelper.invokeMethod(MethodInvocationHelper.java:84)
	at org.testng.internal.Invoker.invokeConfigurationMethod(Invoker.java:564)
	at org.testng.internal.Invoker.invokeConfigurations(Invoker.java:213)
	at org.testng.internal.Invoker.invokeConfigurations(Invoker.java:138)
	at org.testng.SuiteRunner.privateRun(SuiteRunner.java:277)
	at org.testng.SuiteRunner.run(SuiteRunner.java:240)
	at org.testng.SuiteRunnerWorker.runSuite(SuiteRunnerWorker.java:52)
	at org.testng.SuiteRunnerWorker.run(SuiteRunnerWorker.java:86)
	at org.testng.TestNG.runSuitesSequentially(TestNG.java:1224)
	at org.testng.TestNG.runSuitesLocally(TestNG.java:1149)
	at org.testng.TestNG.run(TestNG.java:1057)
	at org.testng.remote.AbstractRemoteTestNG.run(AbstractRemoteTestNG.java:132)
	at org.testng.remote.RemoteTestNG.initAndRun(RemoteTestNG.java:236)
	at org.testng.remote.RemoteTestNG.main(RemoteTestNG.java:81)
Caused by: org.openqa.selenium.firefox.NotConnectedException: Unable to connect to host 127.0.0.1 on port 7055 after 45000 ms. Firefox console output:
o changes found
1481285513841	addons.xpi	DEBUG	Registering manifest for C:\Program Files\Mozilla Firefox\browser\features\e10srollout@mozilla.org.xpi
1481285513841	addons.xpi	DEBUG	Loading bootstrap scope from C:\Program Files\Mozilla Firefox\browser\features\e10srollout@mozilla.org.xpi
1481285513864	addons.xpi	DEBUG	Calling bootstrap method startup on e10srollout@mozilla.org version 1.0
1481285513865	addons.xpi	DEBUG	Registering manifest for C:\Program Files\Mozilla Firefox\browser\features\firefox@getpocket.com.xpi
1481285513866	addons.xpi	DEBUG	Loading bootstrap scope from C:\Program Files\Mozilla Firefox\browser\features\firefox@getpocket.com.xpi
1481285513873	addons.xpi	DEBUG	Calling bootstrap method startup on firefox@getpocket.com version 1.0
1481285513887	addons.xpi-utils	DEBUG	Starting async load of XPI database C:\Users\user\AppData\Local\Temp\anonymous3477461140634906185webdriver-profile\extensions.json
1481285513889	addons.xpi	DEBUG	Registering manifest for C:\Program Files\Mozilla Firefox\browser\features\loop@mozilla.org.xpi
1481285513890	addons.xpi	DEBUG	Loading bootstrap scope from C:\Program Files\Mozilla Firefox\browser\features\loop@mozilla.org.xpi
1481285513899	addons.xpi	DEBUG	Calling bootstrap method startup on loop@mozilla.org version 1.2.6
1481285513938	addons.manager	DEBUG	Registering shutdown blocker for XPIProvider
1481285513938	addons.manager	DEBUG	Provider finished startup: XPIProvider
1481285513939	addons.manager	DEBUG	Starting provider: LightweightThemeManager
1481285513939	addons.manager	DEBUG	Registering shutdown blocker for LightweightThemeManager
1481285513939	addons.manager	DEBUG	Provider finished startup: LightweightThemeManager
1481285513940	addons.manager	DEBUG	Starting provider: GMPProvider
1481285513950	addons.manager	DEBUG	Registering shutdown blocker for GMPProvider
1481285513951	addons.manager	DEBUG	Provider finished startup: GMPProvider
1481285513951	addons.manager	DEBUG	Starting provider: PluginProvider
1481285513951	addons.manager	DEBUG	Registering shutdown blocker for PluginProvider
1481285513951	addons.manager	DEBUG	Provider finished startup: PluginProvider
1481285513952	addons.manager	DEBUG	Completed startup sequence
1481285514472	addons.xpi-utils	DEBUG	Async JSON file read took 0 MS
1481285514472	addons.xpi-utils	DEBUG	Finished async read of XPI database, parsing...
1481285514475	addons.xpi-utils	DEBUG	Successfully read XPI database
1481285514494	addons.manager	DEBUG	Starting provider: <unnamed-provider>
1481285514494	addons.manager	DEBUG	Registering shutdown blocker for <unnamed-provider>
1481285514494	addons.manager	DEBUG	Provider finished startup: <unnamed-provider>
*** Blocklist::_loadBlocklistFromFile: blocklist is disabled
1481285514689	addons.manager	DEBUG	Starting provider: PreviousExperimentProvider
1481285514689	addons.manager	DEBUG	Registering shutdown blocker for PreviousExperimentProvider
1481285514689	addons.manager	DEBUG	Provider finished startup: PreviousExperimentProvider
1481285519502	addons.xpi	DEBUG	Calling bootstrap method shutdown on e10srollout@mozilla.org version 1.0
1481285519503	addons.xpi	DEBUG	Calling bootstrap method shutdown on firefox@getpocket.com version 1.0
1481285519503	addons.xpi	DEBUG	Calling bootstrap method shutdown on loop@mozilla.org version 1.2.6
1481285519824	addons.manager	DEBUG	shutdown
1481285519824	addons.manager	DEBUG	Calling shutdown blocker for XPIProvider
1481285519824	addons.xpi	DEBUG	shutdown
1481285519825	addons.xpi-utils	DEBUG	shutdown
1481285519826	addons.manager	DEBUG	Calling shutdown blocker for LightweightThemeManager
1481285519827	addons.manager	DEBUG	Calling shutdown blocker for GMPProvider
1481285519830	addons.manager	DEBUG	Calling shutdown blocker for PluginProvider
1481285519830	addons.manager	DEBUG	Calling shutdown blocker for <unnamed-provider>
1481285519833	addons.manager	DEBUG	Calling shutdown blocker for PreviousExperimentProvider
1481285519838	addons.xpi	DEBUG	Notifying XPI shutdown observers
1481285519847	addons.manager	DEBUG	Async provider shutdown done

	at org.openqa.selenium.firefox.internal.NewProfileExtensionConnection.start(NewProfileExtensionConnection.java:118)
	... 25 more
]]>
    </failure>
  </testcase> <!-- testRegisterAnEvent -->
</testsuite> <!-- com.balansekonomix.scripts.RegisterAnEvent -->
