<?xml version="1.0" encoding="UTF-8"?>
<!-- Generated by org.testng.reporters.JUnitReportReporter -->
<testsuite hostname="DESKTOP-DFQL3H5" name="com.Balansekonomix.scripts.PCNWSS" tests="1" failures="0" timestamp="24 Jan 2019 06:05:39 GMT" time="112.559" errors="0">
  <testcase name="NormalValue" time="112.559" classname="com.Balansekonomix.scripts.PCNWSS"/>
</testsuite> <!-- com.Balansekonomix.scripts.PCNWSS -->
