<?xml version="1.0" encoding="UTF-8"?>
<!-- Generated by org.testng.reporters.JUnitReportReporter -->
<testsuite hostname="DESKTOP-DFQL3H5" name="com.Balansekonomix.scripts.GIDP" tests="1" failures="0" timestamp="31 Jan 2019 12:17:31 GMT" time="195.006" errors="0">
  <testcase name="PUC" time="195.006" classname="com.Balansekonomix.scripts.GIDP"/>
</testsuite> <!-- com.Balansekonomix.scripts.GIDP -->
