<?xml version="1.0" encoding="UTF-8"?>
<!-- Generated by org.testng.reporters.JUnitReportReporter -->
<testsuite hostname="lenovo-PC" name="com.trinity.scripts.ReportsStaffMemberSendEmail" tests="1" failures="0" timestamp="28 Nov 2015 13:29:37 GMT" time="233.001" errors="0">
  <testcase name="testLReportsStaffMemberSendEmail" time="233.001" classname="com.trinity.scripts.ReportsStaffMemberSendEmail"/>
</testsuite> <!-- com.trinity.scripts.ReportsStaffMemberSendEmail -->
