<?xml version="1.0" encoding="UTF-8"?>
<!-- Generated by org.testng.reporters.JUnitReportReporter -->
<testsuite hostname="DESKTOP-57DEPUV" name="com.Balansekonomix.scripts.AddLessonandTask" tests="1" failures="0" timestamp="21 Jun 2018 19:46:32 GMT" time="0.028" errors="0">
  <testcase name="testDesignerRole" time="0.028" classname="com.Balansekonomix.scripts.AddLessonandTask"/>
</testsuite> <!-- com.Balansekonomix.scripts.AddLessonandTask -->
