<?xml version="1.0" encoding="UTF-8"?>
<!-- Generated by org.testng.reporters.JUnitReportReporter -->
<testsuite hostname="lenovo-PC" name="com.trinity.scripts.NewEventTemporary" tests="1" failures="0" timestamp="26 Nov 2015 12:26:53 GMT" time="203.120" errors="0">
  <testcase name="testNewEventTemporary" time="203.120" classname="com.trinity.scripts.NewEventTemporary"/>
</testsuite> <!-- com.trinity.scripts.NewEventTemporary -->
