<?xml version="1.0" encoding="UTF-8"?>
<!-- Generated by org.testng.reporters.JUnitReportReporter -->
<testsuite hostname="DESKTOP-DFQL3H5" name="com.Balansekonomix.scripts.ExFactory" tests="1" failures="0" timestamp="31 Jan 2019 12:35:38 GMT" time="242.309" errors="0">
  <testcase name="NormalValue" time="242.309" classname="com.Balansekonomix.scripts.ExFactory"/>
</testsuite> <!-- com.Balansekonomix.scripts.ExFactory -->
