<?xml version="1.0" encoding="UTF-8"?>
<!-- Generated by org.testng.reporters.JUnitReportReporter -->
<testsuite hostname="DESKTOP-DFQL3H5" name="com.Balansekonomix.scripts.NonInjuriousPrice" tests="1" failures="0" timestamp="4 Feb 2019 12:12:14 GMT" time="182.665" errors="0">
  <testcase name="NormalValue" time="182.665" classname="com.Balansekonomix.scripts.NonInjuriousPrice"/>
</testsuite> <!-- com.Balansekonomix.scripts.NonInjuriousPrice -->
