<?xml version="1.0" encoding="UTF-8"?>
<!-- Generated by org.testng.reporters.JUnitReportReporter -->
<testsuite hostname="DESKTOP-DFQL3H5" name="com.Balansekonomix.scripts.FormatF" tests="1" failures="0" timestamp="24 Jan 2019 09:47:14 GMT" time="86.667" errors="0">
  <testcase name="NormalValue" time="86.667" classname="com.Balansekonomix.scripts.FormatF"/>
</testsuite> <!-- com.Balansekonomix.scripts.FormatF -->
