<?xml version="1.0" encoding="UTF-8"?>
<!-- Generated by org.testng.reporters.JUnitReportReporter -->
<testsuite hostname="DESKTOP-DFQL3H5" name="com.Balansekonomix.scripts.Employee_Registration" tests="1" failures="0" timestamp="20 Feb 2019 11:24:41 GMT" time="134.533" errors="0">
  <testcase name="testFlowTest" time="134.533" classname="com.Balansekonomix.scripts.Employee_Registration"/>
</testsuite> <!-- com.Balansekonomix.scripts.Employee_Registration -->
