<?xml version="1.0" encoding="UTF-8"?>
<!-- Generated by org.testng.reporters.JUnitReportReporter -->
<testsuite hostname="DESKTOP-57DEPUV" name="com.Balansekonomix.scripts.Login" tests="1" failures="0" timestamp="22 Jun 2018 18:20:18 GMT" time="25.330" errors="0">
  <testcase name="testFlowTest" time="25.330" classname="com.Balansekonomix.scripts.Login"/>
</testsuite> <!-- com.Balansekonomix.scripts.Login -->
