<?xml version="1.0" encoding="UTF-8"?>
<!-- Generated by org.testng.reporters.JUnitReportReporter -->
<testsuite hostname="DESKTOP-57DEPUV" name="com.Balansekonomix.scripts.EditProfile" tests="1" failures="0" timestamp="21 Jun 2018 19:46:32 GMT" time="0.016" errors="0">
  <testcase name="testFlowTest" time="0.016" classname="com.Balansekonomix.scripts.EditProfile"/>
</testsuite> <!-- com.Balansekonomix.scripts.EditProfile -->
