<?xml version="1.0" encoding="UTF-8"?>
<!-- Generated by org.testng.reporters.JUnitReportReporter -->
<testsuite hostname="user-PC" name="com.scbw.scripts.RegisterAnEvent" tests="1" failures="1" timestamp="9 Dec 2016 12:06:12 GMT" time="0.002" errors="0">
  <testcase name="testRegisterAnEvent" time="0.002" classname="com.scbw.scripts.RegisterAnEvent">
    <failure type="org.openqa.selenium.WebDriverException" message="Failed to connect to binary FirefoxBinary(C:\Program Files\Mozilla Firefox\firefox.exe) on port 7055; process output follows: 
e&quot;:false,&quot;v&quot;:&quot;2.41.0&quot;,&quot;st&quot;:1481285115537,&quot;mt&quot;:1481285115500}},&quot;app-system-defaults&quot;:{&quot;e10srollout@mozilla.org&quot;:{&quot;d&quot;:&quot;C:\\Program Files\\Mozilla Firefox\\browser\\features\\e10srollout@mozilla.org.xpi&quot;,&quot;e&quot;:true,&quot;v&quot;:&quot;1.0&quot;,&quot;st&quot;:1461279552000},&quot;firefox@getpocket.com&quot;:{&quot;d&quot;:&quot;C:\\Program Files\\Mozilla Firefox\\browser\\features\\firefox@getpocket.com.xpi&quot;,&quot;e&quot;:true,&quot;v&quot;:&quot;1.0&quot;,&quot;st&quot;:1461279552000},&quot;loop@mozilla.org&quot;:{&quot;d&quot;:&quot;C:\\Program Files\\Mozilla Firefox\\browser\\features\\loop@mozilla.org.xpi&quot;,&quot;e&quot;:true,&quot;v&quot;:&quot;1.2.6&quot;,&quot;st&quot;:1461279552000}},&quot;app-global&quot;:{&quot;{972ce4c6-7e08-4474-a285-3208198ce6fd}&quot;:{&quot;d&quot;:&quot;C:\\Program Files\\Mozilla Firefox\\browser\\extensions\\{972ce4c6-7e08-4474-a285-3208198ce6fd}.xpi&quot;,&quot;e&quot;:true,&quot;v&quot;:&quot;46.0&quot;,&quot;st&quot;:1461279552000}}}
1481285127065	addons.xpi	DEBUG	No changes found
1481285127079	addons.xpi	DEBUG	Registering manifest for C:\Program Files\Mozilla Firefox\browser\features\e10srollout@mozilla.org.xpi
1481285127080	addons.xpi	DEBUG	Loading bootstrap scope from C:\Program Files\Mozilla Firefox\browser\features\e10srollout@mozilla.org.xpi
1481285127110	addons.xpi	DEBUG	Calling bootstrap method startup on e10srollout@mozilla.org version 1.0
1481285127112	addons.xpi	DEBUG	Registering manifest for C:\Program Files\Mozilla Firefox\browser\features\firefox@getpocket.com.xpi
1481285127114	addons.xpi	DEBUG	Loading bootstrap scope from C:\Program Files\Mozilla Firefox\browser\features\firefox@getpocket.com.xpi
1481285127125	addons.xpi	DEBUG	Calling bootstrap method startup on firefox@getpocket.com version 1.0
1481285127142	addons.xpi-utils	DEBUG	Starting async load of XPI database C:\Users\user\AppData\Local\Temp\anonymous3495151523167559948webdriver-profile\extensions.json
1481285127145	addons.xpi	DEBUG	Registering manifest for C:\Program Files\Mozilla Firefox\browser\features\loop@mozilla.org.xpi
1481285127147	addons.xpi	DEBUG	Loading bootstrap scope from C:\Program Files\Mozilla Firefox\browser\features\loop@mozilla.org.xpi
1481285127161	addons.xpi	DEBUG	Calling bootstrap method startup on loop@mozilla.org version 1.2.6
1481285127210	addons.manager	DEBUG	Registering shutdown blocker for XPIProvider
1481285127210	addons.manager	DEBUG	Provider finished startup: XPIProvider
1481285127210	addons.manager	DEBUG	Starting provider: LightweightThemeManager
1481285127211	addons.manager	DEBUG	Registering shutdown blocker for LightweightThemeManager
1481285127211	addons.manager	DEBUG	Provider finished startup: LightweightThemeManager
1481285127212	addons.manager	DEBUG	Starting provider: GMPProvider
1481285127223	addons.manager	DEBUG	Registering shutdown blocker for GMPProvider
1481285127224	addons.manager	DEBUG	Provider finished startup: GMPProvider
1481285127224	addons.manager	DEBUG	Starting provider: PluginProvider
1481285127224	addons.manager	DEBUG	Registering shutdown blocker for PluginProvider
1481285127224	addons.manager	DEBUG	Provider finished startup: PluginProvider
1481285127225	addons.manager	DEBUG	Completed startup sequence
1481285127814	addons.xpi-utils	DEBUG	Async JSON file read took 0 MS
1481285127814	addons.xpi-utils	DEBUG	Finished async read of XPI database, parsing...
1481285127818	addons.xpi-utils	DEBUG	Successfully read XPI database
1481285127840	addons.manager	DEBUG	Starting provider: &lt;unnamed-provider&gt;
1481285127840	addons.manager	DEBUG	Registering shutdown blocker for &lt;unnamed-provider&gt;
1481285127841	addons.manager	DEBUG	Provider finished startup: &lt;unnamed-provider&gt;
*** Blocklist::_loadBlocklistFromFile: blocklist is disabled
1481285128060	addons.manager	DEBUG	Starting provider: PreviousExperimentProvider
1481285128060	addons.manager	DEBUG	Registering shutdown blocker for PreviousExperimentProvider
1481285128061	addons.manager	DEBUG	Provider finished startup: PreviousExperimentProvider
JavaScript warning: https://normandy.cdn.mozilla.net/static/bundles/selfrepair-133d4d7c9de72117ee8e.24ec5279eef1.js, line 7: mutating the [[Prototype]] of an object will cause your code to run very slowly; instead create the object with the correct initial [[Prototype]] value using Object.create

Build info: version: &#039;2.41.0&#039;, revision: &#039;3192d8a&#039;, time: &#039;2014-03-27 17:17:32&#039;
System info: host: &#039;user-PC&#039;, ip: &#039;192.168.5.100&#039;, os.name: &#039;Windows 7&#039;, os.arch: &#039;x86&#039;, os.version: &#039;6.1&#039;, java.version: &#039;1.8.0_101&#039;
Driver info: driver.version: FirefoxDriver">
      <![CDATA[org.openqa.selenium.WebDriverException: Failed to connect to binary FirefoxBinary(C:\Program Files\Mozilla Firefox\firefox.exe) on port 7055; process output follows: 
e":false,"v":"2.41.0","st":1481285115537,"mt":1481285115500}},"app-system-defaults":{"e10srollout@mozilla.org":{"d":"C:\\Program Files\\Mozilla Firefox\\browser\\features\\e10srollout@mozilla.org.xpi","e":true,"v":"1.0","st":1461279552000},"firefox@getpocket.com":{"d":"C:\\Program Files\\Mozilla Firefox\\browser\\features\\firefox@getpocket.com.xpi","e":true,"v":"1.0","st":1461279552000},"loop@mozilla.org":{"d":"C:\\Program Files\\Mozilla Firefox\\browser\\features\\loop@mozilla.org.xpi","e":true,"v":"1.2.6","st":1461279552000}},"app-global":{"{972ce4c6-7e08-4474-a285-3208198ce6fd}":{"d":"C:\\Program Files\\Mozilla Firefox\\browser\\extensions\\{972ce4c6-7e08-4474-a285-3208198ce6fd}.xpi","e":true,"v":"46.0","st":1461279552000}}}
1481285127065	addons.xpi	DEBUG	No changes found
1481285127079	addons.xpi	DEBUG	Registering manifest for C:\Program Files\Mozilla Firefox\browser\features\e10srollout@mozilla.org.xpi
1481285127080	addons.xpi	DEBUG	Loading bootstrap scope from C:\Program Files\Mozilla Firefox\browser\features\e10srollout@mozilla.org.xpi
1481285127110	addons.xpi	DEBUG	Calling bootstrap method startup on e10srollout@mozilla.org version 1.0
1481285127112	addons.xpi	DEBUG	Registering manifest for C:\Program Files\Mozilla Firefox\browser\features\firefox@getpocket.com.xpi
1481285127114	addons.xpi	DEBUG	Loading bootstrap scope from C:\Program Files\Mozilla Firefox\browser\features\firefox@getpocket.com.xpi
1481285127125	addons.xpi	DEBUG	Calling bootstrap method startup on firefox@getpocket.com version 1.0
1481285127142	addons.xpi-utils	DEBUG	Starting async load of XPI database C:\Users\user\AppData\Local\Temp\anonymous3495151523167559948webdriver-profile\extensions.json
1481285127145	addons.xpi	DEBUG	Registering manifest for C:\Program Files\Mozilla Firefox\browser\features\loop@mozilla.org.xpi
1481285127147	addons.xpi	DEBUG	Loading bootstrap scope from C:\Program Files\Mozilla Firefox\browser\features\loop@mozilla.org.xpi
1481285127161	addons.xpi	DEBUG	Calling bootstrap method startup on loop@mozilla.org version 1.2.6
1481285127210	addons.manager	DEBUG	Registering shutdown blocker for XPIProvider
1481285127210	addons.manager	DEBUG	Provider finished startup: XPIProvider
1481285127210	addons.manager	DEBUG	Starting provider: LightweightThemeManager
1481285127211	addons.manager	DEBUG	Registering shutdown blocker for LightweightThemeManager
1481285127211	addons.manager	DEBUG	Provider finished startup: LightweightThemeManager
1481285127212	addons.manager	DEBUG	Starting provider: GMPProvider
1481285127223	addons.manager	DEBUG	Registering shutdown blocker for GMPProvider
1481285127224	addons.manager	DEBUG	Provider finished startup: GMPProvider
1481285127224	addons.manager	DEBUG	Starting provider: PluginProvider
1481285127224	addons.manager	DEBUG	Registering shutdown blocker for PluginProvider
1481285127224	addons.manager	DEBUG	Provider finished startup: PluginProvider
1481285127225	addons.manager	DEBUG	Completed startup sequence
1481285127814	addons.xpi-utils	DEBUG	Async JSON file read took 0 MS
1481285127814	addons.xpi-utils	DEBUG	Finished async read of XPI database, parsing...
1481285127818	addons.xpi-utils	DEBUG	Successfully read XPI database
1481285127840	addons.manager	DEBUG	Starting provider: <unnamed-provider>
1481285127840	addons.manager	DEBUG	Registering shutdown blocker for <unnamed-provider>
1481285127841	addons.manager	DEBUG	Provider finished startup: <unnamed-provider>
*** Blocklist::_loadBlocklistFromFile: blocklist is disabled
1481285128060	addons.manager	DEBUG	Starting provider: PreviousExperimentProvider
1481285128060	addons.manager	DEBUG	Registering shutdown blocker for PreviousExperimentProvider
1481285128061	addons.manager	DEBUG	Provider finished startup: PreviousExperimentProvider
JavaScript warning: https://normandy.cdn.mozilla.net/static/bundles/selfrepair-133d4d7c9de72117ee8e.24ec5279eef1.js, line 7: mutating the [[Prototype]] of an object will cause your code to run very slowly; instead create the object with the correct initial [[Prototype]] value using Object.create

Build info: version: '2.41.0', revision: '3192d8a', time: '2014-03-27 17:17:32'
System info: host: 'user-PC', ip: '192.168.5.100', os.name: 'Windows 7', os.arch: 'x86', os.version: '6.1', java.version: '1.8.0_101'
Driver info: driver.version: FirefoxDriver
	at org.openqa.selenium.firefox.internal.NewProfileExtensionConnection.start(NewProfileExtensionConnection.java:130)
	at org.openqa.selenium.firefox.FirefoxDriver.startClient(FirefoxDriver.java:246)
	at org.openqa.selenium.remote.RemoteWebDriver.<init>(RemoteWebDriver.java:114)
	at org.openqa.selenium.firefox.FirefoxDriver.<init>(FirefoxDriver.java:193)
	at org.openqa.selenium.firefox.FirefoxDriver.<init>(FirefoxDriver.java:186)
	at org.openqa.selenium.firefox.FirefoxDriver.<init>(FirefoxDriver.java:182)
	at org.openqa.selenium.firefox.FirefoxDriver.<init>(FirefoxDriver.java:95)
	at com.scbw.util.DriverTestCase.setUp(DriverTestCase.java:103)
	at sun.reflect.NativeMethodAccessorImpl.invoke0(Native Method)
	at sun.reflect.NativeMethodAccessorImpl.invoke(Unknown Source)
	at sun.reflect.DelegatingMethodAccessorImpl.invoke(Unknown Source)
	at java.lang.reflect.Method.invoke(Unknown Source)
	at org.testng.internal.MethodInvocationHelper.invokeMethod(MethodInvocationHelper.java:84)
	at org.testng.internal.Invoker.invokeConfigurationMethod(Invoker.java:564)
	at org.testng.internal.Invoker.invokeConfigurations(Invoker.java:213)
	at org.testng.internal.Invoker.invokeConfigurations(Invoker.java:138)
	at org.testng.SuiteRunner.privateRun(SuiteRunner.java:277)
	at org.testng.SuiteRunner.run(SuiteRunner.java:240)
	at org.testng.SuiteRunnerWorker.runSuite(SuiteRunnerWorker.java:52)
	at org.testng.SuiteRunnerWorker.run(SuiteRunnerWorker.java:86)
	at org.testng.TestNG.runSuitesSequentially(TestNG.java:1224)
	at org.testng.TestNG.runSuitesLocally(TestNG.java:1149)
	at org.testng.TestNG.run(TestNG.java:1057)
	at org.testng.remote.AbstractRemoteTestNG.run(AbstractRemoteTestNG.java:132)
	at org.testng.remote.RemoteTestNG.initAndRun(RemoteTestNG.java:236)
	at org.testng.remote.RemoteTestNG.main(RemoteTestNG.java:81)
Caused by: org.openqa.selenium.firefox.NotConnectedException: Unable to connect to host 127.0.0.1 on port 7055 after 45000 ms. Firefox console output:
e":false,"v":"2.41.0","st":1481285115537,"mt":1481285115500}},"app-system-defaults":{"e10srollout@mozilla.org":{"d":"C:\\Program Files\\Mozilla Firefox\\browser\\features\\e10srollout@mozilla.org.xpi","e":true,"v":"1.0","st":1461279552000},"firefox@getpocket.com":{"d":"C:\\Program Files\\Mozilla Firefox\\browser\\features\\firefox@getpocket.com.xpi","e":true,"v":"1.0","st":1461279552000},"loop@mozilla.org":{"d":"C:\\Program Files\\Mozilla Firefox\\browser\\features\\loop@mozilla.org.xpi","e":true,"v":"1.2.6","st":1461279552000}},"app-global":{"{972ce4c6-7e08-4474-a285-3208198ce6fd}":{"d":"C:\\Program Files\\Mozilla Firefox\\browser\\extensions\\{972ce4c6-7e08-4474-a285-3208198ce6fd}.xpi","e":true,"v":"46.0","st":1461279552000}}}
1481285127065	addons.xpi	DEBUG	No changes found
1481285127079	addons.xpi	DEBUG	Registering manifest for C:\Program Files\Mozilla Firefox\browser\features\e10srollout@mozilla.org.xpi
1481285127080	addons.xpi	DEBUG	Loading bootstrap scope from C:\Program Files\Mozilla Firefox\browser\features\e10srollout@mozilla.org.xpi
1481285127110	addons.xpi	DEBUG	Calling bootstrap method startup on e10srollout@mozilla.org version 1.0
1481285127112	addons.xpi	DEBUG	Registering manifest for C:\Program Files\Mozilla Firefox\browser\features\firefox@getpocket.com.xpi
1481285127114	addons.xpi	DEBUG	Loading bootstrap scope from C:\Program Files\Mozilla Firefox\browser\features\firefox@getpocket.com.xpi
1481285127125	addons.xpi	DEBUG	Calling bootstrap method startup on firefox@getpocket.com version 1.0
1481285127142	addons.xpi-utils	DEBUG	Starting async load of XPI database C:\Users\user\AppData\Local\Temp\anonymous3495151523167559948webdriver-profile\extensions.json
1481285127145	addons.xpi	DEBUG	Registering manifest for C:\Program Files\Mozilla Firefox\browser\features\loop@mozilla.org.xpi
1481285127147	addons.xpi	DEBUG	Loading bootstrap scope from C:\Program Files\Mozilla Firefox\browser\features\loop@mozilla.org.xpi
1481285127161	addons.xpi	DEBUG	Calling bootstrap method startup on loop@mozilla.org version 1.2.6
1481285127210	addons.manager	DEBUG	Registering shutdown blocker for XPIProvider
1481285127210	addons.manager	DEBUG	Provider finished startup: XPIProvider
1481285127210	addons.manager	DEBUG	Starting provider: LightweightThemeManager
1481285127211	addons.manager	DEBUG	Registering shutdown blocker for LightweightThemeManager
1481285127211	addons.manager	DEBUG	Provider finished startup: LightweightThemeManager
1481285127212	addons.manager	DEBUG	Starting provider: GMPProvider
1481285127223	addons.manager	DEBUG	Registering shutdown blocker for GMPProvider
1481285127224	addons.manager	DEBUG	Provider finished startup: GMPProvider
1481285127224	addons.manager	DEBUG	Starting provider: PluginProvider
1481285127224	addons.manager	DEBUG	Registering shutdown blocker for PluginProvider
1481285127224	addons.manager	DEBUG	Provider finished startup: PluginProvider
1481285127225	addons.manager	DEBUG	Completed startup sequence
1481285127814	addons.xpi-utils	DEBUG	Async JSON file read took 0 MS
1481285127814	addons.xpi-utils	DEBUG	Finished async read of XPI database, parsing...
1481285127818	addons.xpi-utils	DEBUG	Successfully read XPI database
1481285127840	addons.manager	DEBUG	Starting provider: <unnamed-provider>
1481285127840	addons.manager	DEBUG	Registering shutdown blocker for <unnamed-provider>
1481285127841	addons.manager	DEBUG	Provider finished startup: <unnamed-provider>
*** Blocklist::_loadBlocklistFromFile: blocklist is disabled
1481285128060	addons.manager	DEBUG	Starting provider: PreviousExperimentProvider
1481285128060	addons.manager	DEBUG	Registering shutdown blocker for PreviousExperimentProvider
1481285128061	addons.manager	DEBUG	Provider finished startup: PreviousExperimentProvider
JavaScript warning: https://normandy.cdn.mozilla.net/static/bundles/selfrepair-133d4d7c9de72117ee8e.24ec5279eef1.js, line 7: mutating the [[Prototype]] of an object will cause your code to run very slowly; instead create the object with the correct initial [[Prototype]] value using Object.create

	at org.openqa.selenium.firefox.internal.NewProfileExtensionConnection.start(NewProfileExtensionConnection.java:118)
	... 25 more
]]>
    </failure>
  </testcase> <!-- testRegisterAnEvent -->
</testsuite> <!-- com.scbw.scripts.RegisterAnEvent -->
