<?xml version="1.0" encoding="UTF-8"?>
<!-- Generated by org.testng.reporters.JUnitReportReporter -->
<testsuite hostname="lenovo-PC" name="com.trinity.scripts.AddReportsFilterOfConflictInterest" tests="1" failures="0" timestamp="26 Nov 2015 13:15:12 GMT" time="79.620" errors="0">
  <testcase name="testAddReportsFilterOfConflictInterest" time="79.620" classname="com.trinity.scripts.AddReportsFilterOfConflictInterest"/>
</testsuite> <!-- com.trinity.scripts.AddReportsFilterOfConflictInterest -->
